Figwheel: focusing on build-ids (build_needs_id_1623)
[0mCompiling "js/main.js" from ["src"]...
[32mSuccessfully compiled "js/main.js" in 0.261 seconds.[0m
notifying browser that file changed:  out/goog/deps.js
notifying browser that file changed:  out/cljs_deps.js
notifying browser that file changed:  /cards/core.js
[0mCompiling "js/main.js" from ["src"]...
[32mSuccessfully compiled "js/main.js" in 0.802 seconds.[0m
notifying browser that file changed:  /cards/core.js
[0mCompiling "js/main.js" from ["src"]...
[32mSuccessfully compiled "js/main.js" in 0.59 seconds.[0m
notifying browser that file changed:  out/cljs_deps.js
notifying browser that file changed:  /cards/core.js
Figwheel: focusing on build-ids (build_needs_id_1623)
[0mCompiling "js/main.js" from ["src"]...
[32mSuccessfully compiled "js/main.js" in 0.176 seconds.[0m
notifying browser that file changed:  out/cljs_deps.js
notifying browser that file changed:  /cards/core.js
[0mCompiling "js/main.js" from ["src"]...
[32mSuccessfully compiled "js/main.js" in 0.343 seconds.[0m
notifying browser that file changed:  /cards/core.js
Figwheel: focusing on build-ids (build_needs_id_1623)
[0mCompiling "js/main.js" from ["src"]...
[32mSuccessfully compiled "js/main.js" in 0.114 seconds.[0m
notifying browser that file changed:  /cards/core.js
Figwheel: focusing on build-ids (build_needs_id_1623)
[0mCompiling "js/main.js" from ["src"]...
[32mSuccessfully compiled "js/main.js" in 0.212 seconds.[0m
notifying browser that file changed:  out/goog/deps.js
notifying browser that file changed:  out/cljs_deps.js
notifying browser that file changed:  /cards/core.js
[0mCompiling "js/main.js" from ["src"]...
[32mSuccessfully compiled "js/main.js" in 0.354 seconds.[0m
notifying browser that file changed:  out/cljs_deps.js
notifying browser that file changed:  /cards/core.js
Figwheel: focusing on build-ids (build_needs_id_1623)
[0mCompiling "js/main.js" from ["src"]...
[32mSuccessfully compiled "js/main.js" in 0.263 seconds.[0m
notifying browser that file changed:  out/goog/deps.js
notifying browser that file changed:  out/cljs_deps.js
notifying browser that file changed:  /cards/core.js
[0mCompiling "js/main.js" from ["src"]...
[32mSuccessfully compiled "js/main.js" in 0.527 seconds.[0m
notifying browser that file changed:  /cards/core.js
[0mCompiling "js/main.js" from ["src"]...
[32mSuccessfully compiled "js/main.js" in 0.421 seconds.[0m
notifying browser that file changed:  out/cljs_deps.js
notifying browser that file changed:  /cards/core.js
Figwheel: focusing on build-ids (build_needs_id_1623)
[0mCompiling "js/main.js" from ["src"]...
[32mSuccessfully compiled "js/main.js" in 0.218 seconds.[0m
notifying browser that file changed:  out/cljs_deps.js
notifying browser that file changed:  /cards/core.js
Figwheel: focusing on build-ids (build_needs_id_24820)
[0mCompiling "js/main.js" from ["src"]...
[32mSuccessfully compiled "js/main.js" in 0.159 seconds.[0m
notifying browser that file changed:  out/cljs_deps.js
notifying browser that file changed:  /cards/core.js
[0mCompiling "js/main.js" from ["src"]...
[32mSuccessfully compiled "js/main.js" in 0.559 seconds.[0m
notifying browser that file changed:  /cards/core.js
Figwheel: focusing on build-ids (build_needs_id_34929)
[0mCompiling "js/main.js" from ["src"]...
[32mSuccessfully compiled "js/main.js" in 0.352 seconds.[0m
notifying browser that file changed:  out/cljs_deps.js
notifying browser that file changed:  /cards/core.js
[0mCompiling "js/main.js" from ["src"]...
[32mSuccessfully compiled "js/main.js" in 0.637 seconds.[0m
notifying browser that file changed:  out/cljs_deps.js
notifying browser that file changed:  /cards/core.js
Figwheel: focusing on build-ids (build_needs_id_1623)
[0mCompiling "js/main.js" from ["src"]...
[32mSuccessfully compiled "js/main.js" in 0.559 seconds.[0m
notifying browser that file changed:  out/goog/deps.js
notifying browser that file changed:  out/cljs_deps.js
notifying browser that file changed:  /cards/core.js
[0mCompiling "js/main.js" from ["src"]...
[32mSuccessfully compiled "js/main.js" in 0.704 seconds.[0m
notifying browser that file changed:  /cards/core.js
Figwheel: focusing on build-ids (build_needs_id_21343)
[0mCompiling "js/main.js" from ["src"]...
[32mSuccessfully compiled "js/main.js" in 0.171 seconds.[0m
notifying browser that file changed:  out/cljs_deps.js
notifying browser that file changed:  /cards/core.js
[0mCompiling "js/main.js" from ["src"]...
[32mSuccessfully compiled "js/main.js" in 0.253 seconds.[0m
notifying browser that file changed:  out/cljs_deps.js
notifying browser that file changed:  /cards/core.js
[0mCompiling "js/main.js" from ["src"]...
[32mSuccessfully compiled "js/main.js" in 0.288 seconds.[0m
notifying browser that file changed:  out/cljs_deps.js
notifying browser that file changed:  /cards/core.js
Figwheel: focusing on build-ids (build_needs_id_21343)
[0mCompiling "js/main.js" from ["src"]...
[32mSuccessfully compiled "js/main.js" in 0.168 seconds.[0m
notifying browser that file changed:  /cards/core.js
[0mCompiling "js/main.js" from ["src"]...
[32mSuccessfully compiled "js/main.js" in 0.331 seconds.[0m
notifying browser that file changed:  /cards/core.js
Figwheel: focusing on build-ids (build_needs_id_21343)
[0mCompiling "js/main.js" from ["src"]...
[32mSuccessfully compiled "js/main.js" in 0.105 seconds.[0m
notifying browser that file changed:  /cards/core.js
[0mCompiling "js/main.js" from ["src"]...
[32mSuccessfully compiled "js/main.js" in 0.191 seconds.[0m
notifying browser that file changed:  /cards/core.js
[0mCompiling "js/main.js" from ["src"]...
[32mSuccessfully compiled "js/main.js" in 0.34 seconds.[0m
notifying browser that file changed:  /cards/core.js
Figwheel: focusing on build-ids (build_needs_id_21343)
[0mCompiling "js/main.js" from ["src"]...
[32mSuccessfully compiled "js/main.js" in 0.141 seconds.[0m
notifying browser that file changed:  /cards/core.js
[0mCompiling "js/main.js" from ["src"]...
[32mSuccessfully compiled "js/main.js" in 0.166 seconds.[0m
notifying browser that file changed:  /cards/core.js
[0mCompiling "js/main.js" from ["src"]...
[32mSuccessfully compiled "js/main.js" in 0.2 seconds.[0m
notifying browser that file changed:  /cards/core.js
Figwheel: focusing on build-ids (build_needs_id_21343)
[0mCompiling "js/main.js" from ["src"]...
[32mSuccessfully compiled "js/main.js" in 0.134 seconds.[0m
notifying browser that file changed:  /cards/core.js
[0mCompiling "js/main.js" from ["src"]...
[32mSuccessfully compiled "js/main.js" in 0.231 seconds.[0m
notifying browser that file changed:  /cards/core.js
Figwheel: focusing on build-ids (build_needs_id_21343)
[0mCompiling "js/main.js" from ["src"]...
[32mSuccessfully compiled "js/main.js" in 0.148 seconds.[0m
notifying browser that file changed:  /cards/core.js
Figwheel: focusing on build-ids (build_needs_id_21343)
[0mCompiling "js/main.js" from ["src"]...
[32mSuccessfully compiled "js/main.js" in 0.135 seconds.[0m
notifying browser that file changed:  /cards/core.js
[0mCompiling "js/main.js" from ["src"]...
WARNING: Use of undeclared Var cards.core/pprint at line 26 src/cards/core.cljs
[32mSuccessfully compiled "js/main.js" in 0.223 seconds.[0m
notifying browser that file changed:  out/cljs_deps.js
notifying browser that file changed:  /cards/core.js
[0mCompiling "js/main.js" from ["src"]...
WARNING: Use of undeclared Var cljs.pprint/pprint at line 26 src/cards/core.cljs
[32mSuccessfully compiled "js/main.js" in 0.527 seconds.[0m
notifying browser that file changed:  out/cljs_deps.js
notifying browser that file changed:  /cards/core.js
Figwheel: focusing on build-ids (build_needs_id_21343)
[0mCompiling "js/main.js" from ["src"]...
[32mSuccessfully compiled "js/main.js" in 0.149 seconds.[0m
notifying browser that file changed:  /cards/core.js
[0mCompiling "js/main.js" from ["src"]...
[32mSuccessfully compiled "js/main.js" in 5.156 seconds.[0m
notifying browser that file changed:  out/cljs_deps.js
notifying browser that file changed:  /cards/core.js
Figwheel: focusing on build-ids (build_needs_id_21343)
[0mCompiling "js/main.js" from ["src"]...
[32mSuccessfully compiled "js/main.js" in 0.144 seconds.[0m
notifying browser that file changed:  out/cljs_deps.js
notifying browser that file changed:  /cards/core.js
[0mCompiling "js/main.js" from ["src"]...
[32mSuccessfully compiled "js/main.js" in 0.21 seconds.[0m
notifying browser that file changed:  out/cljs_deps.js
notifying browser that file changed:  /cards/core.js
Figwheel: focusing on build-ids (build_needs_id_21343)
[0mCompiling "js/main.js" from ["src"]...
[32mSuccessfully compiled "js/main.js" in 0.149 seconds.[0m
notifying browser that file changed:  out/cljs_deps.js
notifying browser that file changed:  /cards/core.js
[0mCompiling "js/main.js" from ["src"]...
WARNING: Use of undeclared Var cljs.pprint/pprint-str at line 26 src/cards/core.cljs
[32mSuccessfully compiled "js/main.js" in 0.245 seconds.[0m
notifying browser that file changed:  out/cljs_deps.js
notifying browser that file changed:  /cards/core.js
[0mCompiling "js/main.js" from ["src"]...
[32mSuccessfully compiled "js/main.js" in 0.141 seconds.[0m
notifying browser that file changed:  /cards/core.js
Figwheel: focusing on build-ids (build_needs_id_21343)
[0mCompiling "js/main.js" from ["src"]...
[32mSuccessfully compiled "js/main.js" in 0.181 seconds.[0m
notifying browser that file changed:  out/cljs_deps.js
notifying browser that file changed:  /cards/core.js
[0mCompiling "js/main.js" from ["src"]...
[32mSuccessfully compiled "js/main.js" in 0.588 seconds.[0m
notifying browser that file changed:  out/cljs_deps.js
notifying browser that file changed:  /cards/core.js
Figwheel: focusing on build-ids (build_needs_id_21343)
[0mCompiling "js/main.js" from ["src"]...
[32mSuccessfully compiled "js/main.js" in 0.165 seconds.[0m
notifying browser that file changed:  out/cljs_deps.js
notifying browser that file changed:  /cards/core.js
[0mCompiling "js/main.js" from ["src"]...
[32mSuccessfully compiled "js/main.js" in 0.222 seconds.[0m
notifying browser that file changed:  /cards/core.js
Figwheel: focusing on build-ids (build_needs_id_21343)
[0mCompiling "js/main.js" from ["src"]...
[32mSuccessfully compiled "js/main.js" in 0.162 seconds.[0m
notifying browser that file changed:  /cards/core.js
Figwheel: focusing on build-ids (build_needs_id_1623)
[0mCompiling "js/main.js" from ["src"]...
[32mSuccessfully compiled "js/main.js" in 0.411 seconds.[0m
notifying browser that file changed:  out/goog/deps.js
notifying browser that file changed:  out/cljs_deps.js
notifying browser that file changed:  /cards/core.js
[0mCompiling "js/main.js" from ["src"]...
[32mSuccessfully compiled "js/main.js" in 0.533 seconds.[0m
notifying browser that file changed:  /cards/core.js
[0mCompiling "js/main.js" from ["src"]...
[32mSuccessfully compiled "js/main.js" in 0.383 seconds.[0m
notifying browser that file changed:  /cards/core.js
